<?xml version="1.0" encoding="UTF-8" ?>
<testsuite tests="2" failures="0" name="org.dice.factcheck.ml.feature.fact.impl.WordnetExpensionFeatureTest" time="0.38" errors="2" skipped="0">
  <properties>
[...]
</properties>
  <testcase classname="org.dice.factcheck.ml.feature.fact.impl.WordnetExpensionFeatureTest" name="test[0]" time="0.224">
    <error message="Error opening index file: \home\user\wordnet\dict\index.sense (The system cannot find the path specified)" type="edu.smu.tspell.wordnet.impl.file.RetrievalException">edu.smu.tspell.wordnet.impl.file.RetrievalException: Error opening index file: \home\user\wordnet\dict\index.sense (The system cannot find the path specified)
	at edu.smu.tspell.wordnet.impl.file.SenseIndexReader.getInstance(SenseIndexReader.java:88)
	at edu.smu.tspell.wordnet.impl.file.WordFormLookup.loadSynsets(WordFormLookup.java:273)
	at edu.smu.tspell.wordnet.impl.file.WordFormLookup.getSynsets(WordFormLookup.java:230)
	at edu.smu.tspell.wordnet.impl.file.WordFormLookup.getSynsets(WordFormLookup.java:172)
	at edu.smu.tspell.wordnet.impl.file.FileDatabase.getSynsets(FileDatabase.java:87)
	at edu.smu.tspell.wordnet.WordNetDatabase.getSynsets(WordNetDatabase.java:61)
	at org.aksw.defacto.wordnet.WordNetExpansion.getSynset(WordNetExpansion.java:34)
	at org.aksw.defacto.wordnet.WordNetExpansion.expand(WordNetExpansion.java:59)
	at org.aksw.defacto.wordnet.WordNetExpansion.getExpandedJaccardSimilarity(WordNetExpansion.java:79)
	at org.aksw.defacto.ml.feature.fact.impl.WordnetExpensionFeature.extractFeature(WordnetExpensionFeature.java:42)
	at org.dice.factcheck.ml.feature.fact.impl.WordnetExpensionFeatureTest.test(WordnetExpensionFeatureTest.java:57)
	at sun.reflect.NativeMethodAccessorImpl.invoke0(Native Method)
	at sun.reflect.NativeMethodAccessorImpl.invoke(NativeMethodAccessorImpl.java:62)
	at sun.reflect.DelegatingMethodAccessorImpl.invoke(DelegatingMethodAccessorImpl.java:43)
	at java.lang.reflect.Method.invoke(Method.java:498)
	at org.junit.runners.model.FrameworkMethod$1.runReflectiveCall(FrameworkMethod.java:47)
	at org.junit.internal.runners.model.ReflectiveCallable.run(ReflectiveCallable.java:12)
	at org.junit.runners.model.FrameworkMethod.invokeExplosively(FrameworkMethod.java:44)
	at org.junit.internal.runners.statements.InvokeMethod.evaluate(InvokeMethod.java:17)
	at org.junit.runners.ParentRunner.runLeaf(ParentRunner.java:271)
	at org.junit.runners.BlockJUnit4ClassRunner.runChild(BlockJUnit4ClassRunner.java:70)
	at org.junit.runners.BlockJUnit4ClassRunner.runChild(BlockJUnit4ClassRunner.java:50)
	at org.junit.runners.ParentRunner$3.run(ParentRunner.java:238)
	at org.junit.runners.ParentRunner$1.schedule(ParentRunner.java:63)
	at org.junit.runners.ParentRunner.runChildren(ParentRunner.java:236)
	at org.junit.runners.ParentRunner.access$000(ParentRunner.java:53)
	at org.junit.runners.ParentRunner$2.evaluate(ParentRunner.java:229)
	at org.junit.runners.ParentRunner.run(ParentRunner.java:309)
	at org.junit.runners.Suite.runChild(Suite.java:127)
	at org.junit.runners.Suite.runChild(Suite.java:26)
	at org.junit.runners.ParentRunner$3.run(ParentRunner.java:238)
	at org.junit.runners.ParentRunner$1.schedule(ParentRunner.java:63)
	at org.junit.runners.ParentRunner.runChildren(ParentRunner.java:236)
	at org.junit.runners.ParentRunner.access$000(ParentRunner.java:53)
	at org.junit.runners.ParentRunner$2.evaluate(ParentRunner.java:229)
	at org.junit.runners.ParentRunner.run(ParentRunner.java:309)
	at org.apache.maven.surefire.junit4.JUnit4Provider.execute(JUnit4Provider.java:252)
	at org.apache.maven.surefire.junit4.JUnit4Provider.executeTestSet(JUnit4Provider.java:141)
	at org.apache.maven.surefire.junit4.JUnit4Provider.invoke(JUnit4Provider.java:112)
	at sun.reflect.NativeMethodAccessorImpl.invoke0(Native Method)
	at sun.reflect.NativeMethodAccessorImpl.invoke(NativeMethodAccessorImpl.java:62)
	at sun.reflect.DelegatingMethodAccessorImpl.invoke(DelegatingMethodAccessorImpl.java:43)
	at java.lang.reflect.Method.invoke(Method.java:498)
	at org.apache.maven.surefire.util.ReflectionUtils.invokeMethodWithArray(ReflectionUtils.java:189)
	at org.apache.maven.surefire.booter.ProviderFactory$ProviderProxy.invoke(ProviderFactory.java:165)
	at org.apache.maven.surefire.booter.ProviderFactory.invokeProvider(ProviderFactory.java:85)
	at org.apache.maven.surefire.booter.ForkedBooter.runSuitesInProcess(ForkedBooter.java:115)
	at org.apache.maven.surefire.booter.ForkedBooter.main(ForkedBooter.java:75)
Caused by: java.io.FileNotFoundException: \home\user\wordnet\dict\index.sense (The system cannot find the path specified)
	at java.io.RandomAccessFile.open0(Native Method)
	at java.io.RandomAccessFile.open(RandomAccessFile.java:316)
	at java.io.RandomAccessFile.&lt;init&gt;(RandomAccessFile.java:243)
	at edu.smu.tspell.wordnet.impl.RandomAccessReader.&lt;init&gt;(RandomAccessReader.java:75)
	at edu.smu.tspell.wordnet.impl.LineLocator.&lt;init&gt;(LineLocator.java:54)
	at edu.smu.tspell.wordnet.impl.MultipleLineLocator.&lt;init&gt;(MultipleLineLocator.java:48)
	at edu.smu.tspell.wordnet.impl.file.SenseIndexReader.&lt;init&gt;(SenseIndexReader.java:101)
	at edu.smu.tspell.wordnet.impl.file.SenseIndexReader.getInstance(SenseIndexReader.java:83)
	... 47 more
</error>
    <system-out>19:27:51,389 [org.apache.solr.client.solrj.impl.HttpClientUtil] - Creating new http client, config:maxConnections=128&amp;maxConnectionsPerHost=32&amp;followRedirects=false
19:27:51,392 [org.apache.solr.client.solrj.impl.HttpClientUtil] - Creating new http client, config:maxConnections=128&amp;maxConnectionsPerHost=32&amp;followRedirects=false
19:27:51,395 [org.apache.solr.client.solrj.impl.HttpClientUtil] - Creating new http client, config:maxConnections=128&amp;maxConnectionsPerHost=32&amp;followRedirects=false
</system-out>
  </testcase>
  <testcase classname="org.dice.factcheck.ml.feature.fact.impl.WordnetExpensionFeatureTest" name="test[1]" time="0.156">
    <error message="Error opening index file: \home\user\wordnet\dict\index.sense (The system cannot find the path specified)" type="edu.smu.tspell.wordnet.impl.file.RetrievalException">edu.smu.tspell.wordnet.impl.file.RetrievalException: Error opening index file: \home\user\wordnet\dict\index.sense (The system cannot find the path specified)
	at edu.smu.tspell.wordnet.impl.file.SenseIndexReader.getInstance(SenseIndexReader.java:88)
	at edu.smu.tspell.wordnet.impl.file.WordFormLookup.loadSynsets(WordFormLookup.java:273)
	at edu.smu.tspell.wordnet.impl.file.WordFormLookup.getSynsets(WordFormLookup.java:230)
	at edu.smu.tspell.wordnet.impl.file.WordFormLookup.getSynsets(WordFormLookup.java:172)
	at edu.smu.tspell.wordnet.impl.file.FileDatabase.getSynsets(FileDatabase.java:87)
	at edu.smu.tspell.wordnet.WordNetDatabase.getSynsets(WordNetDatabase.java:61)
	at org.aksw.defacto.wordnet.WordNetExpansion.getSynset(WordNetExpansion.java:34)
	at org.aksw.defacto.wordnet.WordNetExpansion.expand(WordNetExpansion.java:59)
	at org.aksw.defacto.wordnet.WordNetExpansion.getExpandedJaccardSimilarity(WordNetExpansion.java:79)
	at org.aksw.defacto.ml.feature.fact.impl.WordnetExpensionFeature.extractFeature(WordnetExpensionFeature.java:42)
	at org.dice.factcheck.ml.feature.fact.impl.WordnetExpensionFeatureTest.test(WordnetExpensionFeatureTest.java:57)
	at sun.reflect.NativeMethodAccessorImpl.invoke0(Native Method)
	at sun.reflect.NativeMethodAccessorImpl.invoke(NativeMethodAccessorImpl.java:62)
	at sun.reflect.DelegatingMethodAccessorImpl.invoke(DelegatingMethodAccessorImpl.java:43)
	at java.lang.reflect.Method.invoke(Method.java:498)
	at org.junit.runners.model.FrameworkMethod$1.runReflectiveCall(FrameworkMethod.java:47)
	at org.junit.internal.runners.model.ReflectiveCallable.run(ReflectiveCallable.java:12)
	at org.junit.runners.model.FrameworkMethod.invokeExplosively(FrameworkMethod.java:44)
	at org.junit.internal.runners.statements.InvokeMethod.evaluate(InvokeMethod.java:17)
	at org.junit.runners.ParentRunner.runLeaf(ParentRunner.java:271)
	at org.junit.runners.BlockJUnit4ClassRunner.runChild(BlockJUnit4ClassRunner.java:70)
	at org.junit.runners.BlockJUnit4ClassRunner.runChild(BlockJUnit4ClassRunner.java:50)
	at org.junit.runners.ParentRunner$3.run(ParentRunner.java:238)
	at org.junit.runners.ParentRunner$1.schedule(ParentRunner.java:63)
	at org.junit.runners.ParentRunner.runChildren(ParentRunner.java:236)
	at org.junit.runners.ParentRunner.access$000(ParentRunner.java:53)
	at org.junit.runners.ParentRunner$2.evaluate(ParentRunner.java:229)
	at org.junit.runners.ParentRunner.run(ParentRunner.java:309)
	at org.junit.runners.Suite.runChild(Suite.java:127)
	at org.junit.runners.Suite.runChild(Suite.java:26)
	at org.junit.runners.ParentRunner$3.run(ParentRunner.java:238)
	at org.junit.runners.ParentRunner$1.schedule(ParentRunner.java:63)
	at org.junit.runners.ParentRunner.runChildren(ParentRunner.java:236)
	at org.junit.runners.ParentRunner.access$000(ParentRunner.java:53)
	at org.junit.runners.ParentRunner$2.evaluate(ParentRunner.java:229)
	at org.junit.runners.ParentRunner.run(ParentRunner.java:309)
	at org.apache.maven.surefire.junit4.JUnit4Provider.execute(JUnit4Provider.java:252)
	at org.apache.maven.surefire.junit4.JUnit4Provider.executeTestSet(JUnit4Provider.java:141)
	at org.apache.maven.surefire.junit4.JUnit4Provider.invoke(JUnit4Provider.java:112)
	at sun.reflect.NativeMethodAccessorImpl.invoke0(Native Method)
	at sun.reflect.NativeMethodAccessorImpl.invoke(NativeMethodAccessorImpl.java:62)
	at sun.reflect.DelegatingMethodAccessorImpl.invoke(DelegatingMethodAccessorImpl.java:43)
	at java.lang.reflect.Method.invoke(Method.java:498)
	at org.apache.maven.surefire.util.ReflectionUtils.invokeMethodWithArray(ReflectionUtils.java:189)
	at org.apache.maven.surefire.booter.ProviderFactory$ProviderProxy.invoke(ProviderFactory.java:165)
	at org.apache.maven.surefire.booter.ProviderFactory.invokeProvider(ProviderFactory.java:85)
	at org.apache.maven.surefire.booter.ForkedBooter.runSuitesInProcess(ForkedBooter.java:115)
	at org.apache.maven.surefire.booter.ForkedBooter.main(ForkedBooter.java:75)
Caused by: java.io.FileNotFoundException: \home\user\wordnet\dict\index.sense (The system cannot find the path specified)
	at java.io.RandomAccessFile.open0(Native Method)
	at java.io.RandomAccessFile.open(RandomAccessFile.java:316)
	at java.io.RandomAccessFile.&lt;init&gt;(RandomAccessFile.java:243)
	at edu.smu.tspell.wordnet.impl.RandomAccessReader.&lt;init&gt;(RandomAccessReader.java:75)
	at edu.smu.tspell.wordnet.impl.LineLocator.&lt;init&gt;(LineLocator.java:54)
	at edu.smu.tspell.wordnet.impl.MultipleLineLocator.&lt;init&gt;(MultipleLineLocator.java:48)
	at edu.smu.tspell.wordnet.impl.file.SenseIndexReader.&lt;init&gt;(SenseIndexReader.java:101)
	at edu.smu.tspell.wordnet.impl.file.SenseIndexReader.getInstance(SenseIndexReader.java:83)
	... 47 more
</error>
    <system-out>19:27:51,621 [org.apache.solr.client.solrj.impl.HttpClientUtil] - Creating new http client, config:maxConnections=128&amp;maxConnectionsPerHost=32&amp;followRedirects=false
19:27:51,625 [org.apache.solr.client.solrj.impl.HttpClientUtil] - Creating new http client, config:maxConnections=128&amp;maxConnectionsPerHost=32&amp;followRedirects=false
19:27:51,630 [org.apache.solr.client.solrj.impl.HttpClientUtil] - Creating new http client, config:maxConnections=128&amp;maxConnectionsPerHost=32&amp;followRedirects=false
</system-out>
  </testcase>
</testsuite>