<?xml version="1.0" encoding="UTF-8" ?>
<testsuite tests="3" failures="0" name="org.dice.factcheck.ml.feature.fact.impl.PageTitleFeatureTest" time="0.011" errors="0" skipped="0">
  <properties>
[...]
</properties>
  <testcase classname="org.dice.factcheck.ml.feature.fact.impl.PageTitleFeatureTest" name="test[0]" time="0.011"/>
  <testcase classname="org.dice.factcheck.ml.feature.fact.impl.PageTitleFeatureTest" name="test[1]" time="0"/>
  <testcase classname="org.dice.factcheck.ml.feature.fact.impl.PageTitleFeatureTest" name="test[2]" time="0"/>
</testsuite>